02-Apr-2025 15:09:51.065 INFO [main] org.apache.catalina.startup.VersionLoggerListener.log Server version name:   Apache Tomcat/10.1.36
02-Apr-2025 15:09:51.068 INFO [main] org.apache.catalina.startup.VersionLoggerListener.log Server built:          Feb 13 2025 13:13:30 UTC
02-Apr-2025 15:09:51.069 INFO [main] org.apache.catalina.startup.VersionLoggerListener.log Server version number: 10.1.36.0
02-Apr-2025 15:09:51.070 INFO [main] org.apache.catalina.startup.VersionLoggerListener.log OS Name:               Windows 11
02-Apr-2025 15:09:51.070 INFO [main] org.apache.catalina.startup.VersionLoggerListener.log OS Version:            10.0
02-Apr-2025 15:09:51.070 INFO [main] org.apache.catalina.startup.VersionLoggerListener.log Architecture:          amd64
02-Apr-2025 15:09:51.071 INFO [main] org.apache.catalina.startup.VersionLoggerListener.log Java Home:             C:\Users\Fuzzy\.jdks\temurin-21.0.6
02-Apr-2025 15:09:51.071 INFO [main] org.apache.catalina.startup.VersionLoggerListener.log JVM Version:           21.0.6+7-LTS
02-Apr-2025 15:09:51.071 INFO [main] org.apache.catalina.startup.VersionLoggerListener.log JVM Vendor:            Eclipse Adoptium
02-Apr-2025 15:09:51.072 INFO [main] org.apache.catalina.startup.VersionLoggerListener.log CATALINA_BASE:         C:\Users\Fuzzy\Documents\GitHub\IoTBay\.smarttomcat
02-Apr-2025 15:09:51.072 INFO [main] org.apache.catalina.startup.VersionLoggerListener.log CATALINA_HOME:         C:\Users\Fuzzy\Downloads\apache-tomcat-10.1.36\apache-tomcat-10.1.36
02-Apr-2025 15:09:51.080 INFO [main] org.apache.catalina.startup.VersionLoggerListener.log Command line argument: --add-opens=java.base/java.lang=ALL-UNNAMED
02-Apr-2025 15:09:51.081 INFO [main] org.apache.catalina.startup.VersionLoggerListener.log Command line argument: --add-opens=java.base/java.io=ALL-UNNAMED
02-Apr-2025 15:09:51.081 INFO [main] org.apache.catalina.startup.VersionLoggerListener.log Command line argument: --add-opens=java.base/java.util=ALL-UNNAMED
02-Apr-2025 15:09:51.081 INFO [main] org.apache.catalina.startup.VersionLoggerListener.log Command line argument: --add-opens=java.base/java.util.concurrent=ALL-UNNAMED
02-Apr-2025 15:09:51.081 INFO [main] org.apache.catalina.startup.VersionLoggerListener.log Command line argument: --add-opens=java.rmi/sun.rmi.transport=ALL-UNNAMED
02-Apr-2025 15:09:51.081 INFO [main] org.apache.catalina.startup.VersionLoggerListener.log Command line argument: -Dcatalina.home=C:\Users\Fuzzy\Downloads\apache-tomcat-10.1.36\apache-tomcat-10.1.36
02-Apr-2025 15:09:51.081 INFO [main] org.apache.catalina.startup.VersionLoggerListener.log Command line argument: -Dcatalina.base=C:\Users\Fuzzy\Documents\GitHub\IoTBay\.smarttomcat
02-Apr-2025 15:09:51.081 INFO [main] org.apache.catalina.startup.VersionLoggerListener.log Command line argument: -Djava.io.tmpdir=C:\Users\Fuzzy\Documents\GitHub\IoTBay\.smarttomcat\temp
02-Apr-2025 15:09:51.081 INFO [main] org.apache.catalina.startup.VersionLoggerListener.log Command line argument: -Djava.util.logging.config.file=C:\Users\Fuzzy\Documents\GitHub\IoTBay\.smarttomcat\conf\logging.properties
02-Apr-2025 15:09:51.082 INFO [main] org.apache.catalina.startup.VersionLoggerListener.log Command line argument: -Djava.util.logging.manager=org.apache.juli.ClassLoaderLogManager
02-Apr-2025 15:09:51.082 INFO [main] org.apache.catalina.startup.VersionLoggerListener.log Command line argument: -javaagent:C:\Program Files\JetBrains\IntelliJ IDEA 2024.3.3\lib\idea_rt.jar=51247
02-Apr-2025 15:09:51.083 INFO [main] org.apache.catalina.startup.VersionLoggerListener.log Command line argument: -Dfile.encoding=UTF-8
02-Apr-2025 15:09:51.084 INFO [main] org.apache.catalina.startup.VersionLoggerListener.log Command line argument: -Dsun.stdout.encoding=UTF-8
02-Apr-2025 15:09:51.084 INFO [main] org.apache.catalina.startup.VersionLoggerListener.log Command line argument: -Dsun.stderr.encoding=UTF-8
02-Apr-2025 15:09:51.088 INFO [main] org.apache.catalina.core.AprLifecycleListener.lifecycleEvent The Apache Tomcat Native library which allows using OpenSSL was not found on the java.library.path: [C:\Users\Fuzzy\.jdks\temurin-21.0.6\bin;C:\Windows\Sun\Java\bin;C:\Windows\system32;C:\Windows;C:\Program Files (x86)\Common Files\Oracle\Java\javapath;C:\Windows\system32;C:\Windows;C:\Windows\System32\Wbem;C:\Windows\System32\WindowsPowerShell\v1.0\;C:\Windows\System32\OpenSSH\;C:\Program Files (x86)\NVIDIA Corporation\PhysX\Common;C:\Program Files\NVIDIA Corporation\NVIDIA NvDLISR;C:\Program Files\Git\cmd;C:\Program Files\dotnet\;C:\Program Files\nodejs\;C:\Program Files\Git LFS;C:\Program Files (x86)\Windows Kits\10\Windows Performance Toolkit\;C:\Users\Fuzzy\AppData\Local\Programs\Python\Launcher\;C:\Users\Fuzzy\AppData\Local\Microsoft\WindowsApps;C:\Users\Fuzzy\AppData\Local\Programs\Microsoft VS Code\bin;C:\Users\Fuzzy\AppData\Local\GitHubDesktop\bin;C:\Users\Fuzzy\AppData\Roaming\npm;C:\Program Files\JetBrains\JetBrains Rider 2024.1.4\bin;;C:\Users\Fuzzy\.dotnet\tools;.]
02-Apr-2025 15:09:51.343 INFO [main] org.apache.coyote.AbstractProtocol.init Initializing ProtocolHandler ["http-nio-8080"]
02-Apr-2025 15:09:51.362 INFO [main] org.apache.catalina.startup.Catalina.load Server initialization in [481] milliseconds
02-Apr-2025 15:09:51.439 INFO [main] org.apache.catalina.core.StandardService.startInternal Starting service [Catalina]
02-Apr-2025 15:09:51.439 INFO [main] org.apache.catalina.core.StandardEngine.startInternal Starting Servlet engine: [Apache Tomcat/10.1.36]
02-Apr-2025 15:09:51.449 INFO [main] org.apache.catalina.startup.HostConfig.deployDescriptor Deploying deployment descriptor [C:\Users\Fuzzy\Documents\GitHub\IoTBay\.smarttomcat\conf\Catalina\localhost\IoTBay.xml]
02-Apr-2025 15:09:51.791 INFO [main] org.apache.catalina.startup.HostConfig.deployDescriptor Deployment of deployment descriptor [C:\Users\Fuzzy\Documents\GitHub\IoTBay\.smarttomcat\conf\Catalina\localhost\IoTBay.xml] has finished in [342] ms
02-Apr-2025 15:09:51.795 INFO [main] org.apache.coyote.AbstractProtocol.start Starting ProtocolHandler ["http-nio-8080"]
02-Apr-2025 15:09:51.815 INFO [main] org.apache.catalina.startup.Catalina.start Server startup in [450] milliseconds
